/home/elena/Escritorio/LabRobotica/Proyecto-Construccion/install/piece_detection_pkg/lib/python3.12/site-packages/piece_detection_pkg/__init__.py
/home/elena/Escritorio/LabRobotica/Proyecto-Construccion/install/piece_detection_pkg/lib/python3.12/site-packages/piece_detection_pkg/piece_detection_node_final.py
/home/elena/Escritorio/LabRobotica/Proyecto-Construccion/install/piece_detection_pkg/lib/python3.12/site-packages/piece_detection_pkg/node_detection.py
/home/elena/Escritorio/LabRobotica/Proyecto-Construccion/install/piece_detection_pkg/lib/python3.12/site-packages/piece_detection_pkg/piece_detection_sinBackground.py
/home/elena/Escritorio/LabRobotica/Proyecto-Construccion/install/piece_detection_pkg/lib/python3.12/site-packages/piece_detection_pkg/prueba.py
/home/elena/Escritorio/LabRobotica/Proyecto-Construccion/install/piece_detection_pkg/lib/python3.12/site-packages/piece_detection_pkg/__pycache__/__init__.cpython-312.pyc
/home/elena/Escritorio/LabRobotica/Proyecto-Construccion/install/piece_detection_pkg/lib/python3.12/site-packages/piece_detection_pkg/__pycache__/piece_detection_node_final.cpython-312.pyc
/home/elena/Escritorio/LabRobotica/Proyecto-Construccion/install/piece_detection_pkg/lib/python3.12/site-packages/piece_detection_pkg/__pycache__/node_detection.cpython-312.pyc
/home/elena/Escritorio/LabRobotica/Proyecto-Construccion/install/piece_detection_pkg/lib/python3.12/site-packages/piece_detection_pkg/__pycache__/piece_detection_sinBackground.cpython-312.pyc
/home/elena/Escritorio/LabRobotica/Proyecto-Construccion/install/piece_detection_pkg/lib/python3.12/site-packages/piece_detection_pkg/__pycache__/prueba.cpython-312.pyc
/home/elena/Escritorio/LabRobotica/Proyecto-Construccion/install/piece_detection_pkg/share/ament_index/resource_index/packages/piece_detection_pkg
/home/elena/Escritorio/LabRobotica/Proyecto-Construccion/install/piece_detection_pkg/share/piece_detection_pkg/package.xml
/home/elena/Escritorio/LabRobotica/Proyecto-Construccion/install/piece_detection_pkg/lib/python3.12/site-packages/piece_detection_pkg-0.0.0-py3.12.egg-info/top_level.txt
/home/elena/Escritorio/LabRobotica/Proyecto-Construccion/install/piece_detection_pkg/lib/python3.12/site-packages/piece_detection_pkg-0.0.0-py3.12.egg-info/zip-safe
/home/elena/Escritorio/LabRobotica/Proyecto-Construccion/install/piece_detection_pkg/lib/python3.12/site-packages/piece_detection_pkg-0.0.0-py3.12.egg-info/PKG-INFO
/home/elena/Escritorio/LabRobotica/Proyecto-Construccion/install/piece_detection_pkg/lib/python3.12/site-packages/piece_detection_pkg-0.0.0-py3.12.egg-info/dependency_links.txt
/home/elena/Escritorio/LabRobotica/Proyecto-Construccion/install/piece_detection_pkg/lib/python3.12/site-packages/piece_detection_pkg-0.0.0-py3.12.egg-info/entry_points.txt
/home/elena/Escritorio/LabRobotica/Proyecto-Construccion/install/piece_detection_pkg/lib/python3.12/site-packages/piece_detection_pkg-0.0.0-py3.12.egg-info/requires.txt
/home/elena/Escritorio/LabRobotica/Proyecto-Construccion/install/piece_detection_pkg/lib/python3.12/site-packages/piece_detection_pkg-0.0.0-py3.12.egg-info/SOURCES.txt
/home/elena/Escritorio/LabRobotica/Proyecto-Construccion/install/piece_detection_pkg/lib/piece_detection_pkg/piece_detection_node_final
/home/elena/Escritorio/LabRobotica/Proyecto-Construccion/install/piece_detection_pkg/lib/piece_detection_pkg/piece_detection_sinBackground
