[0.121s] DEBUG:colcon:Command line arguments: ['/usr/bin/colcon', 'build', '--packages-select', 'piece_detection_pkg']
[0.121s] DEBUG:colcon:Parsed command line arguments: Namespace(log_base=None, log_level=None, verb_name='build', build_base='build', install_base='install', merge_install=False, symlink_install=False, test_result_base=None, continue_on_error=False, executor='parallel', parallel_workers=8, event_handlers=None, ignore_user_meta=False, metas=['./colcon.meta'], base_paths=['.'], packages_ignore=None, packages_ignore_regex=None, paths=None, packages_up_to=None, packages_up_to_regex=None, packages_above=None, packages_above_and_dependencies=None, packages_above_depth=None, packages_select_by_dep=None, packages_skip_by_dep=None, packages_skip_up_to=None, packages_select_build_failed=False, packages_skip_build_finished=False, packages_select_test_failures=False, packages_skip_test_passed=False, packages_select=['piece_detection_pkg'], packages_skip=None, packages_select_regex=None, packages_skip_regex=None, packages_start=None, packages_end=None, cmake_args=None, cmake_target=None, cmake_target_skip_unavailable=False, cmake_clean_cache=False, cmake_clean_first=False, cmake_force_configure=False, ament_cmake_args=None, catkin_cmake_args=None, catkin_skip_building_tests=False, verb_parser=<colcon_defaults.argument_parser.defaults.DefaultArgumentsDecorator object at 0x762bd6b18200>, verb_extension=<colcon_core.verb.build.BuildVerb object at 0x762bd6cf3fb0>, main=<bound method BuildVerb.main of <colcon_core.verb.build.BuildVerb object at 0x762bd6cf3fb0>>)
[0.169s] Level 1:colcon.colcon_core.package_discovery:discover_packages(colcon_meta) check parameters
[0.169s] Level 1:colcon.colcon_core.package_discovery:discover_packages(recursive) check parameters
[0.169s] Level 1:colcon.colcon_core.package_discovery:discover_packages(ignore) check parameters
[0.169s] Level 1:colcon.colcon_core.package_discovery:discover_packages(path) check parameters
[0.169s] Level 1:colcon.colcon_core.package_discovery:discover_packages(colcon_meta) discover
[0.169s] Level 1:colcon.colcon_core.package_discovery:discover_packages(recursive) discover
[0.169s] INFO:colcon.colcon_core.package_discovery:Crawling recursively for packages in '/home/elena/Escritorio/LabRobotica/Proyecto-Construccion'
[0.169s] Level 1:colcon.colcon_core.package_identification:_identify(.) by extensions ['ignore', 'ignore_ament_install']
[0.169s] Level 1:colcon.colcon_core.package_identification:_identify(.) by extension 'ignore'
[0.169s] Level 1:colcon.colcon_core.package_identification:_identify(.) by extension 'ignore_ament_install'
[0.169s] Level 1:colcon.colcon_core.package_identification:_identify(.) by extensions ['colcon_pkg']
[0.169s] Level 1:colcon.colcon_core.package_identification:_identify(.) by extension 'colcon_pkg'
[0.169s] Level 1:colcon.colcon_core.package_identification:_identify(.) by extensions ['colcon_meta']
[0.170s] Level 1:colcon.colcon_core.package_identification:_identify(.) by extension 'colcon_meta'
[0.170s] Level 1:colcon.colcon_core.package_identification:_identify(.) by extensions ['ros']
[0.170s] Level 1:colcon.colcon_core.package_identification:_identify(.) by extension 'ros'
[0.202s] DEBUG:colcon.colcon_core.package_identification:Package '.' with type 'ros.ament_python' and name 'piece_detection_pkg'
[0.202s] Level 1:colcon.colcon_core.package_discovery:discover_packages(recursive) using defaults
[0.202s] Level 1:colcon.colcon_core.package_discovery:discover_packages(ignore) discover
[0.202s] Level 1:colcon.colcon_core.package_discovery:discover_packages(ignore) using defaults
[0.202s] Level 1:colcon.colcon_core.package_discovery:discover_packages(path) discover
[0.202s] Level 1:colcon.colcon_core.package_discovery:discover_packages(path) using defaults
[0.226s] Level 5:colcon.colcon_core.verb:set package 'piece_detection_pkg' build argument 'cmake_args' from command line to 'None'
[0.226s] Level 5:colcon.colcon_core.verb:set package 'piece_detection_pkg' build argument 'cmake_target' from command line to 'None'
[0.226s] Level 5:colcon.colcon_core.verb:set package 'piece_detection_pkg' build argument 'cmake_target_skip_unavailable' from command line to 'False'
[0.226s] Level 5:colcon.colcon_core.verb:set package 'piece_detection_pkg' build argument 'cmake_clean_cache' from command line to 'False'
[0.226s] Level 5:colcon.colcon_core.verb:set package 'piece_detection_pkg' build argument 'cmake_clean_first' from command line to 'False'
[0.226s] Level 5:colcon.colcon_core.verb:set package 'piece_detection_pkg' build argument 'cmake_force_configure' from command line to 'False'
[0.226s] Level 5:colcon.colcon_core.verb:set package 'piece_detection_pkg' build argument 'ament_cmake_args' from command line to 'None'
[0.226s] Level 5:colcon.colcon_core.verb:set package 'piece_detection_pkg' build argument 'catkin_cmake_args' from command line to 'None'
[0.226s] Level 5:colcon.colcon_core.verb:set package 'piece_detection_pkg' build argument 'catkin_skip_building_tests' from command line to 'False'
[0.226s] DEBUG:colcon.colcon_core.verb:Building package 'piece_detection_pkg' with the following arguments: {'ament_cmake_args': None, 'build_base': '/home/elena/Escritorio/LabRobotica/Proyecto-Construccion/build/piece_detection_pkg', 'catkin_cmake_args': None, 'catkin_skip_building_tests': False, 'cmake_args': None, 'cmake_clean_cache': False, 'cmake_clean_first': False, 'cmake_force_configure': False, 'cmake_target': None, 'cmake_target_skip_unavailable': False, 'install_base': '/home/elena/Escritorio/LabRobotica/Proyecto-Construccion/install/piece_detection_pkg', 'merge_install': False, 'path': '/home/elena/Escritorio/LabRobotica/Proyecto-Construccion', 'symlink_install': False, 'test_result_base': None}
[0.226s] INFO:colcon.colcon_core.executor:Executing jobs using 'parallel' executor
[0.228s] DEBUG:colcon.colcon_parallel_executor.executor.parallel:run_until_complete
[0.228s] INFO:colcon.colcon_ros.task.ament_python.build:Building ROS package in '/home/elena/Escritorio/LabRobotica/Proyecto-Construccion' with build type 'ament_python'
[0.228s] Level 1:colcon.colcon_core.shell:create_environment_hook('piece_detection_pkg', 'ament_prefix_path')
[0.231s] INFO:colcon.colcon_core.plugin_system:Skipping extension 'colcon_core.shell.bat': Not used on non-Windows systems
[0.232s] INFO:colcon.colcon_core.shell:Creating environment descriptor '/home/elena/Escritorio/LabRobotica/Proyecto-Construccion/install/piece_detection_pkg/share/piece_detection_pkg/hook/ament_prefix_path.dsv'
[0.233s] INFO:colcon.colcon_core.shell:Creating environment hook '/home/elena/Escritorio/LabRobotica/Proyecto-Construccion/install/piece_detection_pkg/share/piece_detection_pkg/hook/ament_prefix_path.sh'
[0.235s] DEBUG:colcon.colcon_core.shell:Skip shell extension 'dsv' for command environment
[0.535s] INFO:colcon.colcon_core.task.python.build:Building Python package in '/home/elena/Escritorio/LabRobotica/Proyecto-Construccion'
[0.535s] DEBUG:colcon.colcon_core.shell:Skip shell extension 'dsv' for command environment
[1.376s] DEBUG:colcon.colcon_core.event_handler.log_command:Invoking command in '/home/elena/Escritorio/LabRobotica/Proyecto-Construccion': DEBUGINFOD_URLS=https://debuginfod.ubuntu.com PYTHONPATH=/home/elena/Escritorio/LabRobotica/Proyecto-Construccion/build/piece_detection_pkg/prefix_override:/usr/lib/python3/dist-packages/colcon_core/task/python/colcon_distutils_commands:/home/elena/Escritorio/LabRobotica/Proyecto-Construccion/install/piece_detection_pkg/lib/python3.12/site-packages:${PYTHONPATH} /usr/bin/python3 -W ignore:setup.py install is deprecated -W ignore:easy_install command is deprecated setup.py egg_info --egg-base build/piece_detection_pkg build --build-base /home/elena/Escritorio/LabRobotica/Proyecto-Construccion/build/piece_detection_pkg/build install --record /home/elena/Escritorio/LabRobotica/Proyecto-Construccion/build/piece_detection_pkg/install.log --single-version-externally-managed install_data
[2.283s] DEBUG:colcon.colcon_core.event_handler.log_command:Invoked command in '/home/elena/Escritorio/LabRobotica/Proyecto-Construccion' returned '0': DEBUGINFOD_URLS=https://debuginfod.ubuntu.com PYTHONPATH=/home/elena/Escritorio/LabRobotica/Proyecto-Construccion/build/piece_detection_pkg/prefix_override:/usr/lib/python3/dist-packages/colcon_core/task/python/colcon_distutils_commands:/home/elena/Escritorio/LabRobotica/Proyecto-Construccion/install/piece_detection_pkg/lib/python3.12/site-packages:${PYTHONPATH} /usr/bin/python3 -W ignore:setup.py install is deprecated -W ignore:easy_install command is deprecated setup.py egg_info --egg-base build/piece_detection_pkg build --build-base /home/elena/Escritorio/LabRobotica/Proyecto-Construccion/build/piece_detection_pkg/build install --record /home/elena/Escritorio/LabRobotica/Proyecto-Construccion/build/piece_detection_pkg/install.log --single-version-externally-managed install_data
[2.287s] Level 1:colcon.colcon_core.environment:checking '/home/elena/Escritorio/LabRobotica/Proyecto-Construccion/install/piece_detection_pkg' for CMake module files
[2.288s] Level 1:colcon.colcon_core.environment:checking '/home/elena/Escritorio/LabRobotica/Proyecto-Construccion/install/piece_detection_pkg' for CMake config files
[2.289s] Level 1:colcon.colcon_core.environment:checking '/home/elena/Escritorio/LabRobotica/Proyecto-Construccion/install/piece_detection_pkg/lib'
[2.289s] Level 1:colcon.colcon_core.environment:checking '/home/elena/Escritorio/LabRobotica/Proyecto-Construccion/install/piece_detection_pkg/bin'
[2.289s] Level 1:colcon.colcon_core.environment:checking '/home/elena/Escritorio/LabRobotica/Proyecto-Construccion/install/piece_detection_pkg/lib/pkgconfig/piece_detection_pkg.pc'
[2.289s] Level 1:colcon.colcon_core.environment:checking '/home/elena/Escritorio/LabRobotica/Proyecto-Construccion/install/piece_detection_pkg/lib/python3.12/site-packages'
[2.289s] Level 1:colcon.colcon_core.shell:create_environment_hook('piece_detection_pkg', 'pythonpath')
[2.290s] INFO:colcon.colcon_core.shell:Creating environment descriptor '/home/elena/Escritorio/LabRobotica/Proyecto-Construccion/install/piece_detection_pkg/share/piece_detection_pkg/hook/pythonpath.dsv'
[2.291s] INFO:colcon.colcon_core.shell:Creating environment hook '/home/elena/Escritorio/LabRobotica/Proyecto-Construccion/install/piece_detection_pkg/share/piece_detection_pkg/hook/pythonpath.sh'
[2.292s] Level 1:colcon.colcon_core.environment:checking '/home/elena/Escritorio/LabRobotica/Proyecto-Construccion/install/piece_detection_pkg/bin'
[2.293s] Level 1:colcon.colcon_core.environment:create_environment_scripts_only(piece_detection_pkg)
[2.293s] INFO:colcon.colcon_core.shell:Creating package descriptor '/home/elena/Escritorio/LabRobotica/Proyecto-Construccion/install/piece_detection_pkg/share/piece_detection_pkg/package.dsv'
[2.294s] INFO:colcon.colcon_core.shell:Creating package script '/home/elena/Escritorio/LabRobotica/Proyecto-Construccion/install/piece_detection_pkg/share/piece_detection_pkg/package.sh'
[2.295s] INFO:colcon.colcon_core.shell:Creating package script '/home/elena/Escritorio/LabRobotica/Proyecto-Construccion/install/piece_detection_pkg/share/piece_detection_pkg/package.bash'
[2.295s] INFO:colcon.colcon_core.shell:Creating package script '/home/elena/Escritorio/LabRobotica/Proyecto-Construccion/install/piece_detection_pkg/share/piece_detection_pkg/package.zsh'
[2.296s] Level 1:colcon.colcon_core.environment:create_file_with_runtime_dependencies(/home/elena/Escritorio/LabRobotica/Proyecto-Construccion/install/piece_detection_pkg/share/colcon-core/packages/piece_detection_pkg)
[2.296s] DEBUG:colcon.colcon_parallel_executor.executor.parallel:closing loop
[2.296s] DEBUG:colcon.colcon_parallel_executor.executor.parallel:loop closed
[2.297s] DEBUG:colcon.colcon_parallel_executor.executor.parallel:run_until_complete finished with '0'
[2.297s] DEBUG:colcon.colcon_core.event_reactor:joining thread
[2.307s] INFO:colcon.colcon_core.plugin_system:Skipping extension 'colcon_notification.desktop_notification.terminal_notifier': Not used on non-Darwin systems
[2.307s] INFO:colcon.colcon_core.plugin_system:Skipping extension 'colcon_notification.desktop_notification.win32': Not used on non-Windows systems
[2.307s] INFO:colcon.colcon_notification.desktop_notification:Sending desktop notification using 'notify2'
[2.335s] DEBUG:colcon.colcon_core.event_reactor:joined thread
[2.335s] INFO:colcon.colcon_core.shell:Creating prefix script '/home/elena/Escritorio/LabRobotica/Proyecto-Construccion/install/local_setup.sh'
[2.337s] INFO:colcon.colcon_core.shell:Creating prefix util module '/home/elena/Escritorio/LabRobotica/Proyecto-Construccion/install/_local_setup_util_sh.py'
[2.339s] INFO:colcon.colcon_core.shell:Creating prefix chain script '/home/elena/Escritorio/LabRobotica/Proyecto-Construccion/install/setup.sh'
[2.342s] INFO:colcon.colcon_core.shell:Creating prefix script '/home/elena/Escritorio/LabRobotica/Proyecto-Construccion/install/local_setup.bash'
[2.344s] INFO:colcon.colcon_core.shell:Creating prefix chain script '/home/elena/Escritorio/LabRobotica/Proyecto-Construccion/install/setup.bash'
[2.346s] INFO:colcon.colcon_core.shell:Creating prefix script '/home/elena/Escritorio/LabRobotica/Proyecto-Construccion/install/local_setup.zsh'
[2.347s] INFO:colcon.colcon_core.shell:Creating prefix chain script '/home/elena/Escritorio/LabRobotica/Proyecto-Construccion/install/setup.zsh'
