[1.361s] Invoking command in '/home/elena/Escritorio/LabRobotica/Proyecto-Construccion': DEBUGINFOD_URLS=https://debuginfod.ubuntu.com PYTHONPATH=/home/elena/Escritorio/LabRobotica/Proyecto-Construccion/build/piece_detection_pkg/prefix_override:/usr/lib/python3/dist-packages/colcon_core/task/python/colcon_distutils_commands:/home/elena/Escritorio/LabRobotica/Proyecto-Construccion/install/piece_detection_pkg/lib/python3.12/site-packages:${PYTHONPATH} /usr/bin/python3 -W ignore:setup.py install is deprecated -W ignore:easy_install command is deprecated setup.py egg_info --egg-base build/piece_detection_pkg build --build-base /home/elena/Escritorio/LabRobotica/Proyecto-Construccion/build/piece_detection_pkg/build install --record /home/elena/Escritorio/LabRobotica/Proyecto-Construccion/build/piece_detection_pkg/install.log --single-version-externally-managed install_data
[1.734s] running egg_info
[1.736s] creating build/piece_detection_pkg/piece_detection_pkg.egg-info
[1.768s] writing build/piece_detection_pkg/piece_detection_pkg.egg-info/PKG-INFO
[1.768s] writing dependency_links to build/piece_detection_pkg/piece_detection_pkg.egg-info/dependency_links.txt
[1.768s] writing entry points to build/piece_detection_pkg/piece_detection_pkg.egg-info/entry_points.txt
[1.769s] writing requirements to build/piece_detection_pkg/piece_detection_pkg.egg-info/requires.txt
[1.769s] writing top-level names to build/piece_detection_pkg/piece_detection_pkg.egg-info/top_level.txt
[1.769s] writing manifest file 'build/piece_detection_pkg/piece_detection_pkg.egg-info/SOURCES.txt'
[1.822s] reading manifest file 'build/piece_detection_pkg/piece_detection_pkg.egg-info/SOURCES.txt'
[1.823s] writing manifest file 'build/piece_detection_pkg/piece_detection_pkg.egg-info/SOURCES.txt'
[1.823s] running build
[1.823s] running build_py
[1.823s] creating /home/elena/Escritorio/LabRobotica/Proyecto-Construccion/build/piece_detection_pkg/build
[1.823s] creating /home/elena/Escritorio/LabRobotica/Proyecto-Construccion/build/piece_detection_pkg/build/lib
[1.823s] creating /home/elena/Escritorio/LabRobotica/Proyecto-Construccion/build/piece_detection_pkg/build/lib/piece_detection_pkg
[1.824s] copying piece_detection_pkg/__init__.py -> /home/elena/Escritorio/LabRobotica/Proyecto-Construccion/build/piece_detection_pkg/build/lib/piece_detection_pkg
[1.824s] copying piece_detection_pkg/piece_detection_node_final.py -> /home/elena/Escritorio/LabRobotica/Proyecto-Construccion/build/piece_detection_pkg/build/lib/piece_detection_pkg
[1.824s] copying piece_detection_pkg/node_detection.py -> /home/elena/Escritorio/LabRobotica/Proyecto-Construccion/build/piece_detection_pkg/build/lib/piece_detection_pkg
[1.824s] copying piece_detection_pkg/prueba.py -> /home/elena/Escritorio/LabRobotica/Proyecto-Construccion/build/piece_detection_pkg/build/lib/piece_detection_pkg
[1.824s] running install
[1.832s] running install_lib
[1.855s] creating /home/elena/Escritorio/LabRobotica/Proyecto-Construccion/install/piece_detection_pkg/lib/python3.12/site-packages/piece_detection_pkg
[1.855s] copying /home/elena/Escritorio/LabRobotica/Proyecto-Construccion/build/piece_detection_pkg/build/lib/piece_detection_pkg/__init__.py -> /home/elena/Escritorio/LabRobotica/Proyecto-Construccion/install/piece_detection_pkg/lib/python3.12/site-packages/piece_detection_pkg
[1.855s] copying /home/elena/Escritorio/LabRobotica/Proyecto-Construccion/build/piece_detection_pkg/build/lib/piece_detection_pkg/piece_detection_node_final.py -> /home/elena/Escritorio/LabRobotica/Proyecto-Construccion/install/piece_detection_pkg/lib/python3.12/site-packages/piece_detection_pkg
[1.855s] copying /home/elena/Escritorio/LabRobotica/Proyecto-Construccion/build/piece_detection_pkg/build/lib/piece_detection_pkg/node_detection.py -> /home/elena/Escritorio/LabRobotica/Proyecto-Construccion/install/piece_detection_pkg/lib/python3.12/site-packages/piece_detection_pkg
[1.855s] copying /home/elena/Escritorio/LabRobotica/Proyecto-Construccion/build/piece_detection_pkg/build/lib/piece_detection_pkg/prueba.py -> /home/elena/Escritorio/LabRobotica/Proyecto-Construccion/install/piece_detection_pkg/lib/python3.12/site-packages/piece_detection_pkg
[1.856s] byte-compiling /home/elena/Escritorio/LabRobotica/Proyecto-Construccion/install/piece_detection_pkg/lib/python3.12/site-packages/piece_detection_pkg/__init__.py to __init__.cpython-312.pyc
[1.856s] byte-compiling /home/elena/Escritorio/LabRobotica/Proyecto-Construccion/install/piece_detection_pkg/lib/python3.12/site-packages/piece_detection_pkg/piece_detection_node_final.py to piece_detection_node_final.cpython-312.pyc
[1.860s] byte-compiling /home/elena/Escritorio/LabRobotica/Proyecto-Construccion/install/piece_detection_pkg/lib/python3.12/site-packages/piece_detection_pkg/node_detection.py to node_detection.cpython-312.pyc
[1.862s] byte-compiling /home/elena/Escritorio/LabRobotica/Proyecto-Construccion/install/piece_detection_pkg/lib/python3.12/site-packages/piece_detection_pkg/prueba.py to prueba.cpython-312.pyc
[1.863s] running install_data
[1.864s] creating /home/elena/Escritorio/LabRobotica/Proyecto-Construccion/install/piece_detection_pkg/share/ament_index
[1.864s] creating /home/elena/Escritorio/LabRobotica/Proyecto-Construccion/install/piece_detection_pkg/share/ament_index/resource_index
[1.864s] creating /home/elena/Escritorio/LabRobotica/Proyecto-Construccion/install/piece_detection_pkg/share/ament_index/resource_index/packages
[1.864s] copying resource/piece_detection_pkg -> /home/elena/Escritorio/LabRobotica/Proyecto-Construccion/install/piece_detection_pkg/share/ament_index/resource_index/packages
[1.864s] copying package.xml -> /home/elena/Escritorio/LabRobotica/Proyecto-Construccion/install/piece_detection_pkg/share/piece_detection_pkg
[1.864s] running install_egg_info
[1.886s] Copying build/piece_detection_pkg/piece_detection_pkg.egg-info to /home/elena/Escritorio/LabRobotica/Proyecto-Construccion/install/piece_detection_pkg/lib/python3.12/site-packages/piece_detection_pkg-0.0.0-py3.12.egg-info
[1.887s] running install_scripts
[2.046s] Installing piece_detection_node_final script to /home/elena/Escritorio/LabRobotica/Proyecto-Construccion/install/piece_detection_pkg/lib/piece_detection_pkg
[2.046s] writing list of installed files to '/home/elena/Escritorio/LabRobotica/Proyecto-Construccion/build/piece_detection_pkg/install.log'
[2.081s] Invoked command in '/home/elena/Escritorio/LabRobotica/Proyecto-Construccion' returned '0': DEBUGINFOD_URLS=https://debuginfod.ubuntu.com PYTHONPATH=/home/elena/Escritorio/LabRobotica/Proyecto-Construccion/build/piece_detection_pkg/prefix_override:/usr/lib/python3/dist-packages/colcon_core/task/python/colcon_distutils_commands:/home/elena/Escritorio/LabRobotica/Proyecto-Construccion/install/piece_detection_pkg/lib/python3.12/site-packages:${PYTHONPATH} /usr/bin/python3 -W ignore:setup.py install is deprecated -W ignore:easy_install command is deprecated setup.py egg_info --egg-base build/piece_detection_pkg build --build-base /home/elena/Escritorio/LabRobotica/Proyecto-Construccion/build/piece_detection_pkg/build install --record /home/elena/Escritorio/LabRobotica/Proyecto-Construccion/build/piece_detection_pkg/install.log --single-version-externally-managed install_data
